<?xml version="1.0" encoding="UTF-8"?>
<testsuite xmlns:xsi="http://www.w3.org/2001/XMLSchema-instance" xsi:noNamespaceSchemaLocation="https://maven.apache.org/surefire/maven-surefire-plugin/xsd/surefire-test-report.xsd" name="com.ncc.aif.NistExamplesAndValidationTest" time="1.067" tests="51" errors="0" skipped="4" failures="1">
  <properties>
[...]
</properties>
  <testcase name="valid" classname="com.ncc.aif.NistExamplesAndValidationTest$NISTExamples$ClusterHasIRI" time="0.025"/>
  <testcase name="valid" classname="com.ncc.aif.NistExamplesAndValidationTest$NISTExamples$ClustersMustBeHomogeneous" time="0.001"/>
  <testcase name="valid" classname="com.ncc.aif.NistExamplesAndValidationTest$NISTExamples$ConfidenceValueRange" time="0.03"/>
  <testcase name="valid" classname="com.ncc.aif.NistExamplesAndValidationTest$NISTExamples$EdgeJustificationLimit" time="0.001"/>
  <testcase name="valid" classname="com.ncc.aif.NistExamplesAndValidationTest$NISTExamples$EverythingClustered" time="0.035"/>
  <testcase name="valid" classname="com.ncc.aif.NistExamplesAndValidationTest$NISTExamples$FlatClusters" time="0.032"/>
  <testcase name="valid" classname="com.ncc.aif.NistExamplesAndValidationTest$NISTExamples$Handle" time="0.037"/>
  <testcase name="valid" classname="com.ncc.aif.NistExamplesAndValidationTest$NISTExamples$JustificationSourceAndSourceDocument" time="0.02"/>
  <testcase name="valid" classname="com.ncc.aif.NistExamplesAndValidationTest$NISTExamples$LinkAssertion" time="0.013"/>
  <testcase name="valid" classname="com.ncc.aif.NistExamplesAndValidationTest$NISTExamples$PreventShotVideo" time="0.016"/>
  <testcase name="valid" classname="com.ncc.aif.NistExamplesAndValidationTest$NISTExamples$RestrictJustification" time="0"/>
  <testcase name="invalid" classname="com.ncc.aif.NistExamplesAndValidationTest$NISTExamples$ClusterHasIRI" time="0.026"/>
  <testcase name="invalid" classname="com.ncc.aif.NistExamplesAndValidationTest$NISTExamples$ClustersMustBeHomogeneous" time="0"/>
  <testcase name="invalid" classname="com.ncc.aif.NistExamplesAndValidationTest$NISTExamples$EdgeJustificationLimit" time="0"/>
  <testcase name="invalid" classname="com.ncc.aif.NistExamplesAndValidationTest$NISTExamples$EverythingClustered" time="0.025"/>
  <testcase name="invalid" classname="com.ncc.aif.NistExamplesAndValidationTest$NISTExamples$FlatClusters" time="0.024"/>
  <testcase name="invalid" classname="com.ncc.aif.NistExamplesAndValidationTest$NISTExamples$PreventShotVideo" time="0.018"/>
  <testcase name="invalid" classname="com.ncc.aif.NistExamplesAndValidationTest$NISTExamples$RestrictJustification" time="0.04">
    <failure message="Encountered unexpected violation: (null,http://www.w3.org/ns/shacl#SPARQLConstraintComponent,https://raw.githubusercontent.com/NextCenturyCorporation/AIDA-Interchange-Format/master/java/src/main/resources/com/ncc/aif/ontologies/InterchangeOntology#EREOneInformativeJustificationMembers) ==&gt; expected: &lt;true&gt; but was: &lt;false&gt;" type="org.opentest4j.AssertionFailedError"><![CDATA[org.opentest4j.AssertionFailedError: Encountered unexpected violation: (null,http://www.w3.org/ns/shacl#SPARQLConstraintComponent,https://raw.githubusercontent.com/NextCenturyCorporation/AIDA-Interchange-Format/master/java/src/main/resources/com/ncc/aif/ontologies/InterchangeOntology#EREOneInformativeJustificationMembers) ==> expected: <true> but was: <false>
	at com.ncc.aif.NistExamplesAndValidationTest$NISTExamples$RestrictJustification.invalid(NistExamplesAndValidationTest.java:279)
]]></failure>
    <system-out><![CDATA[12:40:57.549 [main] INFO ROOT - Dump to target/test-dump-output/NistExamplesAndValidationTest_NISTExamples_RestrictJustification_invalid.ttl
12:40:57.553 [main] INFO ROOT - Dump to target/test-dump-output/NistExamplesAndValidationTest_NISTExamples_RestrictJustification_invalid.ttl
]]></system-out>
  </testcase>
  <testcase name="invalidZero" classname="com.ncc.aif.NistExamplesAndValidationTest$NISTExamples$ConfidenceValueRange" time="0.022"/>
  <testcase name="invalidTooLarge" classname="com.ncc.aif.NistExamplesAndValidationTest$NISTExamples$ConfidenceValueRange" time="0.044"/>
  <testcase name="invalidZeroSpans" classname="com.ncc.aif.NistExamplesAndValidationTest$NISTExamples$EdgeJustificationLimit" time="0"/>
  <testcase name="validOneSpan" classname="com.ncc.aif.NistExamplesAndValidationTest$NISTExamples$EdgeJustificationLimit" time="0.001"/>
  <testcase name="invalidHandle" classname="com.ncc.aif.NistExamplesAndValidationTest$NISTExamples$Handle" time="0.035"/>
  <testcase name="invalidInformativeJustificationDuplicateParentDoc" classname="com.ncc.aif.NistExamplesAndValidationTest$NISTExamples$InformativeJustification" time="0.028"/>
  <testcase name="validRelationWithMultipleInformativeJustifications" classname="com.ncc.aif.NistExamplesAndValidationTest$NISTExamples$InformativeJustification" time="0.029"/>
  <testcase name="validClusterInformativeJustification" classname="com.ncc.aif.NistExamplesAndValidationTest$NISTExamples$InformativeJustification" time="0">
    <skipped message="Informative mentions are not allowed on clusters for M36"/>
  </testcase>
  <testcase name="validEntityInformativeJustification" classname="com.ncc.aif.NistExamplesAndValidationTest$NISTExamples$InformativeJustification" time="0.043"/>
  <testcase name="validEventInformativeJustification" classname="com.ncc.aif.NistExamplesAndValidationTest$NISTExamples$InformativeJustification" time="0.021"/>
  <testcase name="validRelationInformativeJustification" classname="com.ncc.aif.NistExamplesAndValidationTest$NISTExamples$InformativeJustification" time="0.03"/>
  <testcase name="invalidClusterInformativeJustification" classname="com.ncc.aif.NistExamplesAndValidationTest$NISTExamples$InformativeJustification" time="0.029"/>
  <testcase name="validEntitySeparateInformativeJustificationsWithSameParentDoc" classname="com.ncc.aif.NistExamplesAndValidationTest$NISTExamples$InformativeJustification" time="0.029"/>
  <testcase name="invalidNoSource" classname="com.ncc.aif.NistExamplesAndValidationTest$NISTExamples$JustificationSourceAndSourceDocument" time="0.036"/>
  <testcase name="invalidNoSourceDocument" classname="com.ncc.aif.NistExamplesAndValidationTest$NISTExamples$JustificationSourceAndSourceDocument" time="0.03"/>
  <testcase name="com.ncc.aif.NistExamplesAndValidationTest$NISTExamples$JustifyTypeAssertions" classname="com.ncc.aif.NistExamplesAndValidationTest$NISTExamples$JustifyTypeAssertions" time="0">
    <skipped message="Restriction removed for M36"/>
  </testcase>
  <testcase name="invalidTooManyTargets" classname="com.ncc.aif.NistExamplesAndValidationTest$NISTExamples$LinkAssertion" time="0.015"/>
  <testcase name="invalidTooManyConfidences" classname="com.ncc.aif.NistExamplesAndValidationTest$NISTExamples$LinkAssertion" time="0.026"/>
  <testcase name="invalidNoConfidence" classname="com.ncc.aif.NistExamplesAndValidationTest$NISTExamples$LinkAssertion" time="0.015"/>
  <testcase name="invalidNoTarget" classname="com.ncc.aif.NistExamplesAndValidationTest$NISTExamples$LinkAssertion" time="0.012"/>
  <testcase name="invalidLinkToNonAssertion" classname="com.ncc.aif.NistExamplesAndValidationTest$NISTExamples$LinkAssertion" time="0.014"/>
  <testcase name="invalidNumericValueAsString" classname="com.ncc.aif.NistExamplesAndValidationTest$NISTExamples$NameMaxLength" time="0">
    <skipped message="LDCOntology does not have any Entities with a numeric value"/>
  </testcase>
  <testcase name="invalidTextValue" classname="com.ncc.aif.NistExamplesAndValidationTest$NISTExamples$NameMaxLength" time="0.022"/>
  <testcase name="validName" classname="com.ncc.aif.NistExamplesAndValidationTest$NISTExamples$NameMaxLength" time="0.019"/>
  <testcase name="invalidName" classname="com.ncc.aif.NistExamplesAndValidationTest$NISTExamples$NameMaxLength" time="0.021"/>
  <testcase name="validNumericValueAsString" classname="com.ncc.aif.NistExamplesAndValidationTest$NISTExamples$NameMaxLength" time="0">
    <skipped message="LDCOntology does not have any Entities with a numeric value"/>
  </testcase>
  <testcase name="validTextvalue" classname="com.ncc.aif.NistExamplesAndValidationTest$NISTExamples$NameMaxLength" time="0.028"/>
  <testcase name="invalidPrototypeOfMultipleClusters" classname="com.ncc.aif.NistExamplesAndValidationTest$NISTExamples$Prototype" time="0.019"/>
  <testcase name="invalidCompoundJustificationWithThreeJustifications" classname="com.ncc.aif.NistExamplesAndValidationTest$NISTExamples$RestrictJustification" time="0.001"/>
  <testcase name="invalidCompoundJustificationWithNoJustification" classname="com.ncc.aif.NistExamplesAndValidationTest$NISTExamples$RestrictJustification" time="0.017"/>
  <testcase name="invalidTimeInsufficient" classname="com.ncc.aif.NistExamplesAndValidationTest$NISTExamples$Time" time="0.02"/>
  <testcase name="validTime" classname="com.ncc.aif.NistExamplesAndValidationTest$NISTExamples$Time" time="0.024"/>
  <testcase name="invalidTimeExtraneous" classname="com.ncc.aif.NistExamplesAndValidationTest$NISTExamples$Time" time="0.033"/>
</testsuite>