<?xml version="1.0" encoding="UTF-8"?>
<testsuite xmlns:xsi="http://www.w3.org/2001/XMLSchema-instance" xsi:noNamespaceSchemaLocation="https://maven.apache.org/surefire/maven-surefire-plugin/xsd/surefire-test-report.xsd" name="com.ncc.aif.ExamplesAndValidationTest" time="3.689" tests="55" errors="0" skipped="3" failures="0">
  <properties>
[...]
</properties>
  <testcase name="createDWDPersonEntityWithJustifications" classname="com.ncc.aif.ExamplesAndValidationTest$DWDRestrictions" time="0.511"/>
  <testcase name="createDWDEvent" classname="com.ncc.aif.ExamplesAndValidationTest$DWDRestrictions" time="0.04"/>
  <testcase name="entityMissingType" classname="com.ncc.aif.ExamplesAndValidationTest$InvalidExamples" time="0">
    <skipped message="Types no longer required for mentions"/>
  </testcase>
  <testcase name="relationOfUnknownType" classname="com.ncc.aif.ExamplesAndValidationTest$InvalidExamples" time="0.077"/>
  <testcase name="nonTypeUsedAsType" classname="com.ncc.aif.ExamplesAndValidationTest$InvalidExamples" time="0.025"/>
  <testcase name="invalidAttributeForEventArgumentIrrealis" classname="com.ncc.aif.ExamplesAndValidationTest$InvalidExamples" time="0.037"/>
  <testcase name="invalidAttributeForEntityHedged" classname="com.ncc.aif.ExamplesAndValidationTest$InvalidExamples" time="0.025"/>
  <testcase name="confidenceIsNotObject" classname="com.ncc.aif.ExamplesAndValidationTest$InvalidExamples" time="0.027"/>
  <testcase name="invalidAttributeForRelationArgument" classname="com.ncc.aif.ExamplesAndValidationTest$InvalidExamples" time="0.036"/>
  <testcase name="eventMissingType" classname="com.ncc.aif.ExamplesAndValidationTest$InvalidExamples" time="0">
    <skipped message="Types no longer required for mentions"/>
  </testcase>
  <testcase name="invalidAttributeForEventMention" classname="com.ncc.aif.ExamplesAndValidationTest$InvalidExamples" time="0.025"/>
  <testcase name="invalidAttributeForEntityNegated" classname="com.ncc.aif.ExamplesAndValidationTest$InvalidExamples" time="0.027"/>
  <testcase name="invalidAttributeForRelationMention" classname="com.ncc.aif.ExamplesAndValidationTest$InvalidExamples" time="0.015"/>
  <testcase name="invalidAttributeForEventArgumentGeneric" classname="com.ncc.aif.ExamplesAndValidationTest$InvalidExamples" time="0.023"/>
  <testcase name="invalidAttributeForEntityIrrealis" classname="com.ncc.aif.ExamplesAndValidationTest$InvalidExamples" time="0.016"/>
  <testcase name="justificationMissingConfidence" classname="com.ncc.aif.ExamplesAndValidationTest$InvalidExamples" time="0.018"/>
  <testcase name="missingRdfTypeOnNamedNode" classname="com.ncc.aif.ExamplesAndValidationTest$InvalidExamples" time="0">
    <skipped message="Missing RDF type constraint not implemented"/>
  </testcase>
  <testcase name="createM36EntityOfTypePersonWithAllJustificationTypesAndConfidence" classname="com.ncc.aif.ExamplesAndValidationTest$OtherOntologies" time="0.096"/>
  <testcase name="createCompoundJustificationWithSingleJustification" classname="com.ncc.aif.ExamplesAndValidationTest$ValidExamples" time="0.022"/>
  <testcase name="createSeedlingEntityOfTypePersonWithImageJustificationAndVector" classname="com.ncc.aif.ExamplesAndValidationTest$ValidExamples" time="0.193"/>
  <testcase name="createHierarchicalCluster" classname="com.ncc.aif.ExamplesAndValidationTest$ValidExamples" time="0.032"/>
  <testcase name="createEntityMentionAddValidSemanticAttribute" classname="com.ncc.aif.ExamplesAndValidationTest$ValidExamples" time="0.004"/>
  <testcase name="relationWhereBothEndpointsAreAmbiguousNISTRestrictedVersion" classname="com.ncc.aif.ExamplesAndValidationTest$ValidExamples" time="0.051"/>
  <testcase name="createAEventAddValidSemanticAttribute" classname="com.ncc.aif.ExamplesAndValidationTest$ValidExamples" time="0.016"/>
  <testcase name="createSeedlingEntityWithUncertaintyAboutItsType" classname="com.ncc.aif.ExamplesAndValidationTest$ValidExamples" time="0.015"/>
  <testcase name="useSubgraphConfidencesToShowMutuallyExclusiveLinkedSeedlingEventArgumentOptions" classname="com.ncc.aif.ExamplesAndValidationTest$ValidExamples" time="0.019"/>
  <testcase name="createEventsWithLDCTimeRanges" classname="com.ncc.aif.ExamplesAndValidationTest$ValidExamples" time="0.016"/>
  <testcase name="createASimpleClusterWithHandle" classname="com.ncc.aif.ExamplesAndValidationTest$ValidExamples" time="0.015"/>
  <testcase name="createSeedlingEntityOfTypePersonWithAllJustificationTypesAndConfidence" classname="com.ncc.aif.ExamplesAndValidationTest$ValidExamples" time="0.016"/>
  <testcase name="createARelationAddValidSemanticAttribute" classname="com.ncc.aif.ExamplesAndValidationTest$ValidExamples" time="0.007"/>
  <testcase name="createSeedlingEntityWithAlternateNames" classname="com.ncc.aif.ExamplesAndValidationTest$ValidExamples" time="0.023"/>
  <testcase name="createASimpleClusterWithJustification" classname="com.ncc.aif.ExamplesAndValidationTest$ValidExamples" time="0.014"/>
  <testcase name="createSeedlingEventWithEventArgumentURI" classname="com.ncc.aif.ExamplesAndValidationTest$ValidExamples" time="0.016"/>
  <testcase name="createCompoundJustification" classname="com.ncc.aif.ExamplesAndValidationTest$ValidExamples" time="0.025"/>
  <testcase name="relationWhereBothEndpointsAreAmbiguousCrossDocEntitiesVersion" classname="com.ncc.aif.ExamplesAndValidationTest$ValidExamples" time="0.065"/>
  <testcase name="createEventWithEventArgumentAddValidSemanticAttribute" classname="com.ncc.aif.ExamplesAndValidationTest$ValidExamples" time="0.023"/>
  <testcase name="createASimpleCluster" classname="com.ncc.aif.ExamplesAndValidationTest$ValidExamples" time="0.018"/>
  <testcase name="createClusterWithLinkAndConfidence" classname="com.ncc.aif.ExamplesAndValidationTest$ValidExamples" time="0.026"/>
  <testcase name="createARelationBetweenTwoSeedlingEntitiesWhereThereIsUncertaintyAboutIdentityOfOneArgument" classname="com.ncc.aif.ExamplesAndValidationTest$ValidExamples" time="0.018"/>
  <testcase name="createSeedlingEvent" classname="com.ncc.aif.ExamplesAndValidationTest$ValidExamples" time="0.02"/>
  <testcase name="createEntityWithDiskBaseModelAndWriteOut" classname="com.ncc.aif.ExamplesAndValidationTest$ValidExamples" time="1.732"/>
  <testcase name="createEntityAndClusterWithInformativeJustification" classname="com.ncc.aif.ExamplesAndValidationTest$ValidExamples" time="0.017"/>
  <testcase name="createEventWithLDCTime" classname="com.ncc.aif.ExamplesAndValidationTest$ValidExamples" time="0.013"/>
  <testcase name="validFull" classname="com.ncc.aif.ExamplesAndValidationTest$ValidExamples$ClaimComponentTest" time="0.009"/>
  <testcase name="validFull" classname="com.ncc.aif.ExamplesAndValidationTest$ValidExamples$ClaimTest" time="0.012"/>
  <testcase name="invalidMissingType" classname="com.ncc.aif.ExamplesAndValidationTest$ValidExamples$ClaimComponentTest" time="0.011"/>
  <testcase name="validMininmal" classname="com.ncc.aif.ExamplesAndValidationTest$ValidExamples$ClaimComponentTest" time="0.008"/>
  <testcase name="validMinimal" classname="com.ncc.aif.ExamplesAndValidationTest$ValidExamples$ClaimTest" time="0.011"/>
  <testcase name="textJustification" classname="com.ncc.aif.ExamplesAndValidationTest$ValidExamples$testOptionalURIs" time="0.016"/>
  <testcase name="shotJustification" classname="com.ncc.aif.ExamplesAndValidationTest$ValidExamples$testOptionalURIs" time="0.014"/>
  <testcase name="possibleClusterMember" classname="com.ncc.aif.ExamplesAndValidationTest$ValidExamples$testOptionalURIs" time="0.012"/>
  <testcase name="videoJustification" classname="com.ncc.aif.ExamplesAndValidationTest$ValidExamples$testOptionalURIs" time="0.012"/>
  <testcase name="audioJustification" classname="com.ncc.aif.ExamplesAndValidationTest$ValidExamples$testOptionalURIs" time="0.012"/>
  <testcase name="keyFrameJustification" classname="com.ncc.aif.ExamplesAndValidationTest$ValidExamples$testOptionalURIs" time="0.013"/>
  <testcase name="imageJustification" classname="com.ncc.aif.ExamplesAndValidationTest$ValidExamples$testOptionalURIs" time="0.012"/>
</testsuite>